[2018-08-03 12:25:26 +0800] [63567] [INFO] Starting gunicorn 19.9.0
[2018-08-03 12:25:26 +0800] [63567] [INFO] Listening at: http://0.0.0.0:8001 (63567)
[2018-08-03 12:25:26 +0800] [63567] [INFO] Using worker: sync
[2018-08-03 12:25:26 +0800] [63570] [INFO] Booting worker with pid: 63570
[2018-08-03 20:59:47 +0800] [63567] [CRITICAL] WORKER TIMEOUT (pid:63570)
/Users/apple/venv/MArtPro/lib/python3.6/site-packages/django/core/paginator.py:112: UnorderedObjectListWarning: Pagination may yield inconsistent results with an unordered object_list: <QuerySet [<Art: 遮天>, <Art: 长生不死>, <Art: 通天大圣>, <Art: 官道无疆>, <Art: 勉传>, <Art: 凡人修仙传>, <Art: 星空之主>, <Art: 足球卡牌系统>, <Art: 完美世界>, <Art: 琅琊榜>, <Art: 三寸人间>, <Art: 万道剑尊>, <Art: 扶摇直上>, <Art: 星辰变>, <Art: 绝世武神>, <Art: 重生之狂暴火法>, <Art: 魔道祖师>, <Art: 超级兵王>, <Art: 牧神记>, <Art: 未来天王>, '...(remaining elements truncated)...']>
  UnorderedObjectListWarning
[2018-08-03 20:59:47 +0800] [63570] [INFO] Worker exiting (pid: 63570)
[2018-08-03 20:59:47 +0800] [71769] [INFO] Booting worker with pid: 71769
[2018-08-06 07:13:06 +0800] [63567] [CRITICAL] WORKER TIMEOUT (pid:71769)
[2018-08-06 07:13:06 +0800] [71769] [INFO] Worker exiting (pid: 71769)
[2018-08-06 07:13:07 +0800] [71784] [INFO] Booting worker with pid: 71784
[2018-08-06 08:55:33 +0800] [63567] [CRITICAL] WORKER TIMEOUT (pid:71784)
[2018-08-06 08:55:33 +0800] [71784] [INFO] Worker exiting (pid: 71784)
[2018-08-06 08:55:33 +0800] [72271] [INFO] Booting worker with pid: 72271
[2018-08-06 19:46:33 +0800] [63567] [CRITICAL] WORKER TIMEOUT (pid:72271)
[2018-08-06 19:46:33 +0800] [72271] [INFO] Worker exiting (pid: 72271)
[2018-08-06 19:46:34 +0800] [86013] [INFO] Booting worker with pid: 86013
[2018-08-06 21:11:14 +0800] [63567] [CRITICAL] WORKER TIMEOUT (pid:86013)
[2018-08-06 21:11:14 +0800] [86013] [INFO] Worker exiting (pid: 86013)
[2018-08-06 21:11:14 +0800] [86134] [INFO] Booting worker with pid: 86134
[2018-08-07 08:54:09 +0800] [63567] [CRITICAL] WORKER TIMEOUT (pid:86134)
[2018-08-07 08:54:09 +0800] [86134] [INFO] Worker exiting (pid: 86134)
[2018-08-07 08:54:09 +0800] [86853] [INFO] Booting worker with pid: 86853
